<?xml version="1.0" encoding="UTF-8"?>
<!-- Generated by org.testng.reporters.JUnitXMLReporter -->
<testsuite ignored="0" hostname="Virats-MacBook-Air.local" failures="0" tests="3" name="LoginFlow" time="81.564" errors="0" timestamp="2023-12-04T01:39:29 IST">
  <testcase classname="qtrip_qa.tests.test_case01" name="TestCase01" time="27.862"/>
  <testcase classname="qtrip_qa.tests.test_case01" name="TestCase01" time="26.597"/>
  <testcase classname="qtrip_qa.tests.test_case01" name="TestCase01" time="26.512"/>
</testsuite> <!-- LoginFlow -->
